{
  "RSpec": {
    "coverage": {
      "/Users/kt/turing/2mod/projects/LaughTracks/config/environment.rb": [
        1,
        1,
        null,
        null,
        1,
        null,
        null,
        2,
        null,
        null,
        3,
        null,
        null,
        1,
        null,
        null,
        1,
        1,
        1,
        1,
        1,
        null,
        null
      ],
      "/Users/kt/turing/2mod/projects/LaughTracks/app/controllers/laugh_tracks_app.rb": [
        null,
        1,
        null,
        1,
        2,
        2,
        2,
        null,
        null,
        null,
        null,
        1,
        0,
        null,
        null,
        null,
        1,
        null,
        0,
        null,
        null,
        null,
        null,
        null,
        null
      ],
      "/Users/kt/turing/2mod/projects/LaughTracks/app/models/special.rb": [
        null,
        null,
        null,
        1,
        null,
        1,
        null,
        1,
        null,
        1,
        3,
        null,
        null,
        null
      ],
      "/Users/kt/turing/2mod/projects/LaughTracks/app/models/comedian.rb": [
        null,
        1,
        null,
        1,
        null,
        1,
        null,
        null,
        null,
        null,
        1,
        22,
        8,
        null,
        null,
        1,
        6,
        6,
        6,
        null,
        null,
        null,
        null,
        null,
        1,
        9,
        null,
        null,
        null,
        null,
        null,
        1,
        4,
        4,
        null,
        null,
        1,
        4,
        4,
        null,
        null,
        1,
        2,
        null,
        null,
        null
      ],
      "/Users/kt/turing/2mod/projects/LaughTracks/config/database.rb": [
        null,
        1,
        1,
        null,
        null,
        1,
        1,
        null,
        null,
        null,
        null,
        null,
        null,
        null
      ],
      "/Users/kt/turing/2mod/projects/LaughTracks/spec/features/user_sees_intended_comics_spec.rb": [
        1,
        null,
        1,
        2,
        2,
        2,
        2,
        null,
        2,
        2,
        2,
        null,
        2,
        null,
        null,
        1,
        null,
        1,
        1,
        1,
        1,
        1,
        null,
        null,
        null,
        null,
        1,
        null,
        1,
        1,
        1,
        1,
        1,
        null,
        null,
        null,
        null
      ],
      "/Users/kt/turing/2mod/projects/LaughTracks/spec/models/comedian_spec.rb": [
        null,
        1,
        null,
        1,
        null,
        1,
        null,
        1,
        1,
        1,
        null,
        null,
        1,
        1,
        1,
        null,
        null,
        null,
        null,
        null,
        1,
        null,
        1,
        null,
        1,
        7,
        7,
        7,
        7,
        7,
        null,
        7,
        7,
        7,
        7,
        null,
        7,
        7,
        null,
        7,
        7,
        null,
        null,
        1,
        null,
        1,
        1,
        1,
        1,
        1,
        1,
        1,
        1,
        1,
        null,
        null,
        1,
        1,
        1,
        1,
        1,
        1,
        1,
        1,
        null,
        null,
        null,
        1,
        1,
        1,
        1,
        null,
        1,
        1,
        1,
        null,
        null,
        1,
        1,
        1,
        1,
        1,
        1,
        1,
        null,
        1,
        1,
        1,
        1,
        1,
        1,
        null,
        null,
        null,
        1,
        null,
        1,
        1,
        1,
        1,
        1,
        1,
        1,
        1,
        1,
        1,
        1,
        1,
        null,
        null,
        1,
        1,
        1,
        1,
        1,
        1,
        1,
        1,
        1,
        1,
        1,
        1,
        null,
        null,
        null,
        null,
        1,
        null,
        1,
        1,
        1,
        1,
        1,
        null,
        null,
        null,
        null,
        null,
        null
      ],
      "/Users/kt/turing/2mod/projects/LaughTracks/spec/models/special_spec.rb": [
        null,
        null,
        1,
        null,
        1,
        null,
        1,
        null,
        1,
        1,
        1,
        null,
        null,
        null,
        null,
        null,
        1,
        null,
        1,
        null,
        1,
        1,
        1,
        null,
        1,
        1,
        null,
        null,
        null,
        null,
        null,
        null
      ]
    },
    "timestamp": 1538882546
  }
}
